
20201214-10:24:32-1607941472.4474
is_valid_pro
20201214-10:24:32-1607941472.4571
wprtsp_license_key_markup
20201214-10:24:32-1607941472.4594
settings_page
20201214-10:24:46-1607941486.7574
is_valid_pro
20201214-10:24:46-1607941486.7612
wprtsp_license_key_markup
20201214-10:24:46-1607941486.9761
wprtsp_license_actions_markup
20201214-10:24:47-1607941487.1854
settings_page
20201214-10:25:01-1607941501.3896
is_valid_pro
20201214-10:25:01-1607941501.6533
wprtsp_license_key_markup
20201214-10:25:01-1607941501.8772
wprtsp_license_actions_markup
20201214-10:25:02-1607941502.0939
settings_page
20201214-10:31:06-1607941866.7341
get_pro_status called fromis_valid_pro
20201214-10:31:06-1607941866.7393
get_pro_status called fromwprtsp_license_key_markup
20201214-10:31:06-1607941866.7417
get_pro_status called fromsettings_page
20201214-10:31:23-1607941883.6823
get_pro_status called fromis_valid_pro
20201214-10:31:23-1607941883.6899
get_pro_status called fromwprtsp_license_key_markup
20201214-10:31:23-1607941883.9061
get_pro_status called fromsettings_page
20201214-10:31:29-1607941889.1675
get_pro_status called fromis_valid_pro
20201214-10:31:29-1607941889.3944
get_pro_status called fromwprtsp_license_key_markup
20201214-10:31:29-1607941889.6322
get_pro_status called fromsettings_page
20201214-10:32:34-1607941954.7142
get_pro_status called fromis_valid_pro
20201214-10:32:41-1607941961.5146
get_pro_status called fromis_valid_pro
20201214-10:32:53-1607941973.2533
get_pro_status called fromis_valid_pro
20201214-10:33:34-1607942014.025
get_pro_status called fromis_valid_pro
20201214-10:33:40-1607942020.814
set_validation called fromwprtsp_activate_license
20201214-10:33:41-1607942021.5863
get_pro_status called fromis_valid_pro
20201214-10:33:51-1607942031.3258
get_pro_status called fromis_valid_pro
20201214-10:33:51-1607942031.5377
set_validation called fromget_pro_status
20201214-10:34:35-1607942075.954
get_pro_status called fromis_valid_pro
20201214-10:34:48-1607942088.3483
get_pro_status called fromis_valid_pro
20201214-10:34:53-1607942093.7475
get_pro_status called fromis_valid_pro
20201214-10:35:04-1607942104.1032
set_validation called fromwprtsp_activate_license
20201214-10:35:04-1607942104.8856
get_pro_status called fromis_valid_pro
20201214-10:35:18-1607942118.0463
get_pro_status called fromis_valid_pro
20201214-10:36:55-1607942215.5762
get_pro_status called fromis_valid_pro
20201214-10:36:55-1607942215.8149
set_validation called fromget_pro_status
20201214-10:37:01-1607942221.7549
get_pro_status called fromis_valid_pro
20201214-10:38:04-1607942284.4445
get_pro_status called fromis_valid_pro
20201214-10:39:24-1607942364.5155
get_pro_status called fromis_valid_pro
20201214-10:39:46-1607942386.9274
get_pro_status called fromis_valid_pro
20201214-10:41:26-1607942486.0462
get_pro_status called fromis_valid_pro
20201214-10:48:22-1607942902.518
get_pro_status called fromis_valid_pro
20201214-10:51:21-1607943081.2707
get_pro_status called fromis_valid_pro
20201214-10:54:32-1607943272.7092
get_pro_status called fromis_valid_pro
20201214-10:54:51-1607943291.3782
get_pro_status called fromis_valid_pro
20201214-10:55:19-1607943319.8582
get_pro_status called fromis_valid_pro
20201214-10:55:48-1607943348.8347
get_pro_status called fromis_valid_pro
20201214-10:58:41-1607943521.59
get_pro_status called fromis_valid_pro
20201214-10:58:41-1607943521.5936
get_pro_status called fromwprtsp_license_actions_markup
20201214-10:58:41-1607943521.8239
set_validation called fromget_pro_status
20201214-11:00:03-1607943603.9157
get_pro_status called fromis_valid_pro
20201214-11:00:03-1607943603.9199
get_pro_status called fromwprtsp_license_actions_markup
20201214-11:00:04-1607943604.2893
set_validation called fromget_pro_status
20201214-11:00:27-1607943627.1245
get_pro_status called fromis_valid_pro
20201214-11:00:27-1607943627.1286
get_pro_status called fromwprtsp_license_actions_markup
20201214-11:00:27-1607943627.3357
set_validation called fromget_pro_status
20201214-11:04:12-1607943852.4772
get_pro_status called fromis_valid_pro
20201214-11:05:03-1607943903.1824
get_pro_status called fromis_valid_pro
20201214-11:05:03-1607943903.1861
get_pro_status called fromwprtsp_license_actions_markup
20201214-11:05:03-1607943903.403
set_validation called fromget_pro_status
20201214-11:05:40-1607943940.4411
get_pro_status called fromis_valid_pro
20201214-11:05:40-1607943940.4446
get_pro_status called fromwprtsp_license_actions_markup
20201214-11:05:40-1607943940.6469
set_validation called fromget_pro_status
20201214-11:05:55-1607943955.3936
get_pro_status called fromis_valid_pro
20201214-11:05:55-1607943955.3974
get_pro_status called fromwprtsp_license_actions_markup
20201214-11:05:55-1607943955.6129
set_validation called fromget_pro_status
20201214-11:06:18-1607943978.8159
get_pro_status called fromis_valid_pro
20201214-11:06:18-1607943978.8217
get_pro_status called fromwprtsp_license_actions_markup
20201214-11:06:19-1607943979.029
set_validation called fromget_pro_status
20201214-11:06:23-1607943983.4833
get_pro_status called fromis_valid_pro
20201214-11:06:23-1607943983.4872
get_pro_status called fromwprtsp_license_actions_markup
20201214-11:06:23-1607943983.6979
set_validation called fromget_pro_status
20201214-11:07:27-1607944047.0763
get_pro_status called fromis_valid_pro
20201214-11:07:27-1607944047.0801
get_pro_status called fromwprtsp_license_actions_markup
20201214-11:07:27-1607944047.2906
set_validation called fromget_pro_status
20201214-11:07:44-1607944064.0654
get_pro_status called fromis_valid_pro
20201214-11:07:44-1607944064.0689
get_pro_status called fromwprtsp_license_actions_markup
20201214-11:07:44-1607944064.2932
set_validation called fromget_pro_status
20201214-11:09:05-1607944145.2632
get_pro_status called fromis_valid_pro
20201214-11:09:05-1607944145.269
get_pro_status called fromwprtsp_license_actions_markup
20201214-11:09:05-1607944145.494
set_validation called fromget_pro_status
20201214-11:09:09-1607944149.5574
get_pro_status called fromis_valid_pro
20201214-11:09:09-1607944149.5608
get_pro_status called fromwprtsp_license_actions_markup
20201214-11:09:09-1607944149.8168
set_validation called fromget_pro_status
20201214-11:10:13-1607944213.3721
get_pro_status called fromis_valid_pro
20201214-11:10:13-1607944213.3775
get_pro_status called fromwprtsp_license_actions_markup
20201214-11:10:13-1607944213.5925
set_validation called fromget_pro_status
20201214-11:14:24-1607944464.1009
get_pro_status called fromis_valid_pro
20201214-11:14:24-1607944464.1057
get_pro_status called fromwprtsp_license_actions_markup
20201214-11:14:24-1607944464.3268
set_validation called fromget_pro_status
20201214-11:14:28-1607944468.6294
get_pro_status called fromis_valid_pro
20201214-11:14:28-1607944468.634
get_pro_status called fromwprtsp_license_actions_markup
20201214-11:14:28-1607944468.8644
set_validation called fromget_pro_status
20201214-11:14:40-1607944480.8404
get_pro_status called fromis_valid_pro
20201214-11:14:40-1607944480.8451
get_pro_status called fromwprtsp_license_actions_markup
20201214-11:14:41-1607944481.0485
set_validation called fromget_pro_status
20201214-11:14:54-1607944494.1901
get_pro_status called fromis_valid_pro
20201214-11:14:54-1607944494.1967
get_pro_status called fromwprtsp_license_actions_markup
20201214-11:15:11-1607944511.564
set_validation called fromwprtsp_activate_license
20201214-11:15:11-1607944511.7827
set_validation called fromwprtsp_activate_license
20201214-11:15:12-1607944512.4949
get_pro_status called fromis_valid_pro
20201214-11:15:12-1607944512.4987
get_pro_status called fromwprtsp_license_actions_markup
20201214-11:15:12-1607944512.7033
set_validation called fromget_pro_status
20201214-11:15:20-1607944520.3187
get_pro_status called fromis_valid_pro
20201214-11:15:20-1607944520.5416
set_validation called fromget_pro_status
20201214-11:15:20-1607944520.5489
get_pro_status called fromwprtsp_license_actions_markup
20201214-11:15:20-1607944520.7524
set_validation called fromget_pro_status
20201214-11:16:37-1607944597.8248
get_pro_status called fromis_valid_pro
20201214-11:16:37-1607944597.8311
get_pro_status called fromwprtsp_license_actions_markup
20201214-11:16:38-1607944598.0737
set_validation called fromget_pro_status
20201214-11:17:44-1607944664.9808
get_pro_status called fromis_valid_pro
20201214-11:17:44-1607944664.986
get_pro_status called fromwprtsp_license_actions_markup
20201214-11:22:05-1607944925.6205
get_pro_status called fromis_valid_pro
20201214-11:22:05-1607944925.626
get_pro_status called fromwprtsp_license_actions_markup
20201214-11:22:14-1607944934.4199
set_validation called fromwprtsp_activate_license
20201214-11:22:14-1607944934.6365
set_validation called fromwprtsp_activate_license
20201214-11:22:15-1607944935.3219
get_pro_status called fromis_valid_pro
20201214-11:22:15-1607944935.3343
get_pro_status called fromwprtsp_license_actions_markup
20201214-11:22:15-1607944935.5375
set_validation called fromget_pro_status
20201214-11:22:52-1607944972.414
get_pro_status called fromis_valid_pro
20201214-11:22:52-1607944972.4197
get_pro_status called fromwprtsp_license_actions_markup
20201214-11:23:40-1607945020.1794
set_validation called fromwprtsp_activate_license
20201214-11:23:40-1607945020.8921
get_pro_status called fromis_valid_pro
20201214-11:23:40-1607945020.898
get_pro_status called fromwprtsp_license_actions_markup
20201214-11:23:41-1607945021.111
set_validation called fromget_pro_status
20201214-11:23:49-1607945029.2569
get_pro_status called fromis_valid_pro
20201214-11:23:49-1607945029.2605
get_pro_status called fromwprtsp_license_actions_markup
20201214-11:24:20-1607945060.5628
set_validation called fromwprtsp_activate_license
20201214-11:24:21-1607945061.2563
get_pro_status called fromis_valid_pro
20201214-11:24:21-1607945061.2603
get_pro_status called fromwprtsp_license_actions_markup
20201214-11:24:21-1607945061.4698
set_validation called fromget_pro_status
20201214-11:25:18-1607945118.4665
get_pro_status called fromis_valid_pro
20201214-11:25:18-1607945118.4726
get_pro_status called fromwprtsp_license_actions_markup
20201214-11:26:33-1607945193.8976
set_validation called fromwprtsp_activate_license
20201214-11:26:34-1607945194.6004
get_pro_status called fromis_valid_pro
20201214-11:26:34-1607945194.6042
get_pro_status called fromwprtsp_license_actions_markup
20201214-11:26:34-1607945194.8211
set_validation called fromget_pro_status
20201214-11:26:46-1607945206.6717
get_pro_status called fromis_valid_pro
20201214-11:26:46-1607945206.6757
get_pro_status called fromwprtsp_license_actions_markup
20201214-11:28:38-1607945318.6659
set_validation called fromwprtsp_activate_license
20201214-11:28:39-1607945319.4118
get_pro_status called fromis_valid_pro
20201214-11:28:39-1607945319.4155
get_pro_status called fromwprtsp_license_actions_markup
20201214-11:28:39-1607945319.6222
set_validation called fromget_pro_status
20201214-11:28:46-1607945326.5121
get_pro_status called fromis_valid_pro
20201214-11:28:46-1607945326.5161
get_pro_status called fromwprtsp_license_actions_markup
20201214-11:31:55-1607945515.3917
get_pro_status called fromis_valid_pro
20201214-11:31:55-1607945515.3952
get_pro_status called fromwprtsp_license_actions_markup
20201214-11:32:03-1607945523.8754
set_validation called fromwprtsp_activate_license
20201214-11:32:04-1607945524.6282
get_pro_status called fromis_valid_pro
20201214-11:32:04-1607945524.6336
get_pro_status called fromwprtsp_license_actions_markup
20201214-11:32:05-1607945525.008
set_validation called fromget_pro_status
20201214-11:32:13-1607945533.3278
get_pro_status called fromis_valid_pro
20201214-11:32:13-1607945533.3318
get_pro_status called fromwprtsp_license_actions_markup
20201214-11:32:49-1607945569.8276
set_validation called fromwprtsp_activate_license
20201214-11:32:50-1607945570.7112
get_pro_status called fromis_valid_pro
20201214-11:32:50-1607945570.7166
get_pro_status called fromwprtsp_license_actions_markup
20201214-11:32:50-1607945570.935
set_validation called fromget_pro_status
20201214-11:35:45-1607945745.4252
set_validation called fromget_pro_status
20201214-11:36:06-1607945766.0468
set_validation called fromget_pro_status
20201214-11:36:17-1607945777.1317
set_validation called fromget_pro_status
20201214-11:36:45-1607945805.4645
set_validation called fromget_pro_status
20201214-11:38:01-1607945881.1786
set_validation called fromget_pro_status
20201214-11:38:01-1607945881.3864
set_validation called fromget_pro_status
20201214-11:38:48-1607945928.4657
set_validation called fromget_pro_status
20201214-11:38:48-1607945928.692
set_validation called fromget_pro_status
20201214-11:42:31-1607946151.6675
set_validation called fromget_pro_status
20201214-11:42:31-1607946151.8829
set_validation called fromget_pro_status
20201214-11:42:32-1607946152.0938
set_validation called fromget_pro_status
20201214-11:43:05-1607946185.121
set_validation called fromget_pro_status
20201214-11:43:05-1607946185.3331
set_validation called fromget_pro_status
20201214-11:43:05-1607946185.533
set_validation called fromget_pro_status
20201214-11:43:23-1607946203.2792
set_validation called fromwprtsp_activate_license
20201214-11:43:29-1607946209.4883
set_validation called fromwprtsp_activate_license
20201214-11:53:27-1607946807.5555
set_validation called fromwprtsp_activate_license
20201214-11:53:28-1607946808.4646
set_validation called fromget_pro_status
20201214-11:53:28-1607946808.6764
set_validation called fromget_pro_status
20201214-11:53:28-1607946808.8775
set_validation called fromget_pro_status
20201214-11:53:41-1607946821.0422
set_validation called fromwprtsp_activate_license
20201214-11:53:41-1607946821.9497
set_validation called fromget_pro_status
20201214-11:53:42-1607946822.1583
set_validation called fromget_pro_status
20201214-11:53:42-1607946822.3888
set_validation called fromget_pro_status
20201214-11:53:50-1607946830.7739
set_validation called fromwprtsp_activate_license
20201214-11:53:51-1607946831.6849
set_validation called fromget_pro_status
20201214-11:53:51-1607946831.912
set_validation called fromget_pro_status
20201214-11:53:52-1607946832.1115
set_validation called fromget_pro_status
20201214-11:55:11-1607946911.7943
set_validation called fromwprtsp_activate_license
20201214-11:55:12-1607946912.8226
set_validation called fromget_pro_status
20201214-11:55:13-1607946913.0313
set_validation called fromget_pro_status
20201214-11:55:13-1607946913.2485
set_validation called fromget_pro_status
20201214-11:55:28-1607946928.9534
set_validation called fromwprtsp_activate_license
20201214-11:55:30-1607946930.6297
set_validation called fromget_pro_status
20201214-11:55:30-1607946930.8696
set_validation called fromget_pro_status
20201214-11:55:31-1607946931.0726
set_validation called fromget_pro_status
20201214-11:56:06-1607946966.1778
set_validation called fromget_pro_status
20201214-11:56:06-1607946966.3821
set_validation called fromget_pro_status
20201214-11:56:06-1607946966.584
set_validation called fromget_pro_status
20201214-11:56:28-1607946988.0682
set_validation called fromwprtsp_activate_license
20201214-11:56:28-1607946988.9821
set_validation called fromget_pro_status
20201214-11:56:29-1607946989.1891
set_validation called fromget_pro_status
20201214-11:56:29-1607946989.3832
set_validation called fromget_pro_status
20201214-11:56:36-1607946996.6284
set_validation called fromwprtsp_activate_license
20201214-11:56:37-1607946997.5345
set_validation called fromget_pro_status
20201214-11:56:37-1607946997.7401
set_validation called fromget_pro_status
20201214-11:56:37-1607946997.9415
set_validation called fromget_pro_status
20201214-11:56:48-1607947008.1285
set_validation called fromwprtsp_activate_license
20201214-11:56:49-1607947009.0681
set_validation called fromget_pro_status
20201214-11:56:49-1607947009.2664
set_validation called fromget_pro_status
20201214-11:56:49-1607947009.4586
set_validation called fromget_pro_status
20201214-11:56:53-1607947013.7303
set_validation called fromwprtsp_activate_license
20201214-11:56:54-1607947014.6177
set_validation called fromget_pro_status
20201214-11:56:54-1607947014.8191
set_validation called fromget_pro_status
20201214-11:56:55-1607947015.0178
set_validation called fromget_pro_status
20201214-11:58:49-1607947129.3296
set_validation called fromwprtsp_activate_license
20201214-11:58:50-1607947130.3029
set_validation called fromget_pro_status
20201214-11:58:50-1607947130.5089
set_validation called fromget_pro_status
20201214-11:58:50-1607947130.7066
set_validation called fromget_pro_status
20201214-13:30:51-1607952651.482
set_validation called fromget_pro_status
20201214-13:30:51-1607952651.688
set_validation called fromget_pro_status
20201214-13:30:51-1607952651.8876
set_validation called fromget_pro_status
20201215-21:36:58-1608068218.8898
set_validation called fromget_pro_status
20201217-4:46:37-1608180397.3849
set_validation called fromget_pro_status
20201218-4:59:05-1608267545.6651
set_validation called fromget_pro_status
20201221-6:45:27-1608533127.6476
set_validation called fromget_pro_status
20201222-7:12:12-1608621132.1436
set_validation called fromget_pro_status
20201225-4:37:09-1608871029.1336
set_validation called fromget_pro_status