
20251004-5:19:49-1759555189.5579
Array
(
    [post] => 6
    [action] => edit
    [origin_nonce] => b8978fc588
    [gaapi_accountid] => 115968523
    [gaapi_propertyid] => 360651825
    [gaapi_propertytype] => PROPERTY_TYPE_ORDINARY
    [wpsppro-action] => oauth
    [success] => 1
)

20251004-5:19:49-1759555189.5615
Array
(
    [post] => 6
    [action] => edit
    [origin_nonce] => b8978fc588
    [gaapi_accountid] => 115968523
    [gaapi_propertyid] => 360651825
    [gaapi_propertytype] => PROPERTY_TYPE_ORDINARY
    [wpsppro-action] => oauth
    [success] => 1
)

20251014-5:57:07-1760421427.4892
Array
(
    [post] => 7
    [action] => edit
    [origin_nonce] => eef930b2c9
    [gaapi_accountid] => 115968523
    [gaapi_propertyid] => 360651825
    [gaapi_propertytype] => PROPERTY_TYPE_ORDINARY
    [wpsppro-action] => oauth
    [success] => 1
)

20251014-5:57:07-1760421427.4925
Array
(
    [post] => 7
    [action] => edit
    [origin_nonce] => eef930b2c9
    [gaapi_accountid] => 115968523
    [gaapi_propertyid] => 360651825
    [gaapi_propertytype] => PROPERTY_TYPE_ORDINARY
    [wpsppro-action] => oauth
    [success] => 1
)
